rake aborted!
Redd::APIError: you are doing that too much. try again in 7 minutes.
/Users/apprentice/Desktop/joe/build-beautiful-meaningful-things-challenge/hypebot/app/helpers/bot_helper.rb:10:in `random_post'
/Users/apprentice/Desktop/joe/build-beautiful-meaningful-things-challenge/hypebot/Rakefile:16:in `block (2 levels) in <top (required)>'
/Users/apprentice/.rbenv/versions/2.2/bin/bundle:23:in `load'
/Users/apprentice/.rbenv/versions/2.2/bin/bundle:23:in `<main>'
Tasks: TOP => bot:hype
(See full trace by running task with --trace)
rake aborted!
Redd::APIError: that's a piece of history now; it's too late to reply to it
/Users/apprentice/Desktop/joe/build-beautiful-meaningful-things-challenge/hypebot/app/helpers/bot_helper.rb:10:in `random_post'
/Users/apprentice/Desktop/joe/build-beautiful-meaningful-things-challenge/hypebot/Rakefile:17:in `block (2 levels) in <top (required)>'
/Users/apprentice/.rbenv/versions/2.2/bin/bundle:23:in `load'
/Users/apprentice/.rbenv/versions/2.2/bin/bundle:23:in `<main>'
Tasks: TOP => bot:hype
(See full trace by running task with --trace)
rake aborted!
NoMethodError: undefined method `reply' for nil:NilClass
/Users/apprentice/Desktop/joe/build-beautiful-meaningful-things-challenge/hypebot/app/helpers/bot_helper.rb:10:in `random_post'
/Users/apprentice/Desktop/joe/build-beautiful-meaningful-things-challenge/hypebot/Rakefile:17:in `block (2 levels) in <top (required)>'
/Users/apprentice/.rbenv/versions/2.2/bin/bundle:23:in `load'
/Users/apprentice/.rbenv/versions/2.2/bin/bundle:23:in `<main>'
Tasks: TOP => bot:hype
(See full trace by running task with --trace)
rake aborted!
NoMethodError: undefined method `reply' for nil:NilClass
/Users/apprentice/Desktop/joe/build-beautiful-meaningful-things-challenge/hypebot/app/helpers/bot_helper.rb:10:in `random_post'
/Users/apprentice/Desktop/joe/build-beautiful-meaningful-things-challenge/hypebot/Rakefile:17:in `block (2 levels) in <top (required)>'
/Users/apprentice/.rbenv/versions/2.2/bin/bundle:23:in `load'
/Users/apprentice/.rbenv/versions/2.2/bin/bundle:23:in `<main>'
Tasks: TOP => bot:hype
(See full trace by running task with --trace)
rake aborted!
Redd::APIError: that's a piece of history now; it's too late to reply to it
/Users/apprentice/Desktop/joe/build-beautiful-meaningful-things-challenge/hypebot/app/helpers/bot_helper.rb:10:in `random_post'
/Users/apprentice/Desktop/joe/build-beautiful-meaningful-things-challenge/hypebot/Rakefile:17:in `block (2 levels) in <top (required)>'
/Users/apprentice/.rbenv/versions/2.2/bin/bundle:23:in `load'
/Users/apprentice/.rbenv/versions/2.2/bin/bundle:23:in `<main>'
Tasks: TOP => bot:hype
(See full trace by running task with --trace)
